<?xml version="1.0"?>
<testsuites>
<testsuite name="Root Suite" timestamp="2025-10-20T20:50:04" tests="0" file="cypress/e2e/loginPage.cy.js" time="0.000" failures="0"></testsuite>
<testsuite name="Login Page" timestamp="2025-10-20T20:50:04" tests="4" time="5.693" failures="0">
  
  <testcase name="Login Page Successful login of existing user." time="1.444" classname="Successful login of existing user."></testcase>
  
  <testcase name="Login Page State of Login button and error text." time="2.364" classname="State of Login button and error text."></testcase>
  
  <testcase name="Login Page Invalid credentials handling." time="1.132" classname="Invalid credentials handling."></testcase>
  
  <testcase name="Login Page Title observation." time="0.216" classname="Title observation."></testcase>
  
</testsuite>

<testsuite name="Root Suite" timestamp="2025-10-20T20:50:10" tests="0" file="cypress/e2e/registerPage.cy.js" time="0.000" failures="0"></testsuite>
<testsuite name="Register Page" timestamp="2025-10-20T20:50:10" tests="3" time="14.871" failures="0">
  
  <testcase name="Register Page Successful registration of user." time="7.259" classname="Successful registration of user."></testcase>
  
  <testcase name="Register Page State of Register button and error text." time="6.856" classname="State of Register button and error text."></testcase>
  
  <testcase name="Register Page Title observation." time="0.266" classname="Title observation."></testcase>
  
</testsuite>

</testsuites>