{
  "stats": {
    "suites": 2,
    "tests": 7,
    "passes": 7,
    "pending": 0,
    "failures": 0,
    "testsRegistered": 7,
    "passPercent": 100,
    "pendingPercent": 0,
    "other": 0,
    "hasOther": false,
    "skipped": 0,
    "hasSkipped": false,
    "start": "2025-10-20T21:14:35.253Z",
    "end": "2025-10-20T21:14:56.454Z",
    "duration": 21201
  },
  "results": [
    {
      "uuid": "c84835fb-5576-4407-b29b-ca57e5ac4a4d",
      "title": "",
      "fullFile": "cypress/e2e/registerPage.cy.js",
      "file": "cypress/e2e/registerPage.cy.js",
      "beforeHooks": [],
      "afterHooks": [],
      "tests": [],
      "suites": [
        {
          "uuid": "f84e833c-96b2-45cf-ae02-f79b8e158213",
          "title": "Register Page",
          "fullFile": "",
          "file": "",
          "beforeHooks": [],
          "afterHooks": [],
          "tests": [
            {
              "title": "Successful registration of user.",
              "fullTitle": "Register Page Successful registration of user.",
              "timedOut": null,
              "duration": 7314,
              "state": "passed",
              "speed": "medium",
              "pass": true,
              "fail": false,
              "pending": false,
              "context": null,
              "code": "let expectedData = registerPage.getExpectedData();\nregisterPage.open();\nregisterPage.fillRegistrationFormAndSubmit({\n  email: EMAIL,\n  password: PASSWORD,\n  repeatPassword: PASSWORD,\n  securityAnswer: \"qwert\"\n});\nregisterPage.waitForScreenIsAbsent().isRegistrationSuccessful();",
              "err": {},
              "uuid": "7b1d5d02-0d0d-4094-adee-62dc7cc4542a",
              "parentUUID": "f84e833c-96b2-45cf-ae02-f79b8e158213",
              "isHook": false,
              "skipped": false
            },
            {
              "title": "State of Register button and error text.",
              "fullTitle": "Register Page State of Register button and error text.",
              "timedOut": null,
              "duration": 6938,
              "state": "passed",
              "speed": "medium",
              "pass": true,
              "fail": false,
              "pending": false,
              "context": null,
              "code": "registerPage.open();\nregisterPage.fillRegistrationForm({\n  email: EMAIL,\n  password: PASSWORD,\n  repeatPassword: PASSWORD,\n  securityAnswer: \"qwert\"\n});\nregisterPage.fillRegistrationForm({\n  email: EMAIL,\n  password: PASSWORD,\n  repeatPassword: \"\",\n  securityAnswer: \"qwert\"\n}).verifyRepeatPassordErrorText().isRegisterButtonDisabled();\nregisterPage.fillRegistrationForm({\n  email: EMAIL,\n  password: \"\",\n  repeatPassword: PASSWORD,\n  securityAnswer: \"qwert\"\n}).verifyPassordErrorText().isRegisterButtonDisabled();\nregisterPage.fillRegistrationForm({\n  email: \"\",\n  password: PASSWORD,\n  repeatPassword: PASSWORD,\n  securityAnswer: \"qwert\"\n}).verifyEmailErrorText().isRegisterButtonDisabled();\nregisterPage.fillRegistrationForm({\n  email: EMAIL,\n  password: PASSWORD,\n  repeatPassword: PASSWORD,\n  securityAnswer: \"\"\n}).verifySecurityAnswerErrorText().isRegisterButtonDisabled();",
              "err": {},
              "uuid": "2658fcf5-dc94-474a-b7d7-ef1e293f4097",
              "parentUUID": "f84e833c-96b2-45cf-ae02-f79b8e158213",
              "isHook": false,
              "skipped": false
            },
            {
              "title": "Title observation.",
              "fullTitle": "Register Page Title observation.",
              "timedOut": null,
              "duration": 293,
              "state": "passed",
              "speed": "fast",
              "pass": true,
              "fail": false,
              "pending": false,
              "context": null,
              "code": "let expectedData = registerPage.getExpectedData();\nregisterPage.open().verifyElement(registerPage.title, {\n  text: expectedData.title\n});",
              "err": {},
              "uuid": "80b6b68a-b48e-4e2c-809c-713108ea7882",
              "parentUUID": "f84e833c-96b2-45cf-ae02-f79b8e158213",
              "isHook": false,
              "skipped": false
            }
          ],
          "suites": [],
          "passes": [
            "7b1d5d02-0d0d-4094-adee-62dc7cc4542a",
            "2658fcf5-dc94-474a-b7d7-ef1e293f4097",
            "80b6b68a-b48e-4e2c-809c-713108ea7882"
          ],
          "failures": [],
          "pending": [],
          "skipped": [],
          "duration": 14545,
          "root": false,
          "rootEmpty": false,
          "_timeout": 2000
        }
      ],
      "passes": [],
      "failures": [],
      "pending": [],
      "skipped": [],
      "duration": 0,
      "root": true,
      "rootEmpty": true,
      "_timeout": 2000
    },
    {
      "uuid": "2fa58cbf-59d9-48a6-a161-0907e63c7231",
      "title": "",
      "fullFile": "cypress/e2e/loginPage.cy.js",
      "file": "cypress/e2e/loginPage.cy.js",
      "beforeHooks": [],
      "afterHooks": [],
      "tests": [],
      "suites": [
        {
          "uuid": "6eb6cc39-8186-46f2-a96d-abd368e186d0",
          "title": "Login Page",
          "fullFile": "",
          "file": "",
          "beforeHooks": [],
          "afterHooks": [],
          "tests": [
            {
              "title": "Successful login of existing user.",
              "fullTitle": "Login Page Successful login of existing user.",
              "timedOut": null,
              "duration": 1431,
              "state": "passed",
              "speed": "fast",
              "pass": true,
              "fail": false,
              "pending": false,
              "context": null,
              "code": "loginPage.open().fillLoginFormAndSubmit({\n  email: EMAIL,\n  password: PASSWORD\n}).isLoginSuccessful();",
              "err": {},
              "uuid": "7ffda20f-8a69-4325-b3c7-ff82ce09191e",
              "parentUUID": "6eb6cc39-8186-46f2-a96d-abd368e186d0",
              "isHook": false,
              "skipped": false
            },
            {
              "title": "State of Login button and error text.",
              "fullTitle": "Login Page State of Login button and error text.",
              "timedOut": null,
              "duration": 2323,
              "state": "passed",
              "speed": "fast",
              "pass": true,
              "fail": false,
              "pending": false,
              "context": null,
              "code": "loginPage.open().fillLoginForm({\n  email: EMAIL,\n  password: PASSWORD\n});\nloginPage.fillLoginForm({\n  email: EMAIL,\n  password: \"\"\n}).verifyPasswordErrorText().isLoginButtonDisabled();\nloginPage.fillLoginForm({\n  email: \"\",\n  password: PASSWORD\n}).verifyEmailErrorText().isLoginButtonDisabled();",
              "err": {},
              "uuid": "c80a4e68-f181-4749-b572-0a345ba0975f",
              "parentUUID": "6eb6cc39-8186-46f2-a96d-abd368e186d0",
              "isHook": false,
              "skipped": false
            },
            {
              "title": "Invalid credentials handling.",
              "fullTitle": "Login Page Invalid credentials handling.",
              "timedOut": null,
              "duration": 1109,
              "state": "passed",
              "speed": "fast",
              "pass": true,
              "fail": false,
              "pending": false,
              "context": null,
              "code": "loginPage.open().fillLoginFormAndSubmit({\n  email: \"invalid@juice.local\",\n  password: \"wrongPassword\"\n}).verifyInvalidCredentialsErrorText();",
              "err": {},
              "uuid": "06cbbaf4-0b35-422f-854d-ef1acc9ce30f",
              "parentUUID": "6eb6cc39-8186-46f2-a96d-abd368e186d0",
              "isHook": false,
              "skipped": false
            },
            {
              "title": "Title observation.",
              "fullTitle": "Login Page Title observation.",
              "timedOut": null,
              "duration": 177,
              "state": "passed",
              "speed": "fast",
              "pass": true,
              "fail": false,
              "pending": false,
              "context": null,
              "code": "const expectedData = loginPage.getExpectedData();\nloginPage.open().verifyElement(loginPage.title, {\n  text: expectedData.title\n});",
              "err": {},
              "uuid": "e992ac58-714c-4a20-aa46-6ea46e91224a",
              "parentUUID": "6eb6cc39-8186-46f2-a96d-abd368e186d0",
              "isHook": false,
              "skipped": false
            }
          ],
          "suites": [],
          "passes": [
            "7ffda20f-8a69-4325-b3c7-ff82ce09191e",
            "c80a4e68-f181-4749-b572-0a345ba0975f",
            "06cbbaf4-0b35-422f-854d-ef1acc9ce30f",
            "e992ac58-714c-4a20-aa46-6ea46e91224a"
          ],
          "failures": [],
          "pending": [],
          "skipped": [],
          "duration": 5040,
          "root": false,
          "rootEmpty": false,
          "_timeout": 2000
        }
      ],
      "passes": [],
      "failures": [],
      "pending": [],
      "skipped": [],
      "duration": 0,
      "root": true,
      "rootEmpty": true,
      "_timeout": 2000
    }
  ],
  "meta": {
    "mocha": {
      "version": "7.2.0"
    },
    "mochawesome": {
      "options": {
        "quiet": false,
        "reportFilename": "mochawesome",
        "saveHtml": false,
        "saveJson": true,
        "consoleReporter": "spec",
        "useInlineDiffs": false,
        "code": true
      },
      "version": "7.1.4"
    },
    "marge": {
      "options": {
        "id": "default",
        "reportDir": "cypress/results/mochawesome",
        "overwrite": false,
        "html": false,
        "json": true
      },
      "version": "6.3.0"
    }
  }
}